<?xml version="1.0" encoding="UTF-8"?>
<TestRun id="352d9e7e-4193-4d62-a985-19e6b13e7135" name="vngame@VNPRO 2019-04-14 13:27:50" runUser="vnpro\vngame" xmlns="http://microsoft.com/schemas/VisualStudio/TeamTest/2010">
  <TestSettings name="Local" id="bf55e2ff-5970-4917-b2b7-5a3901a4538a">
    <Description>These are default test settings for a local test run.</Description>
    <Deployment enabled="false" runDeploymentRoot="vngame_VNPRO 2019-04-14 13_27_50">
      <DeploymentItem filename="C:\Users\vngame\Desktop\AirTicketManager\bin\Debug\QuanLyBanVeMayBay.exe" />
    </Deployment>
    <Execution>
      <TestTypeSpecific />
      <AgentRule name="Execution Agents">
      </AgentRule>
    </Execution>
  </TestSettings>
  <Times creation="2019-04-14T13:27:50.3504968+07:00" queuing="2019-04-14T13:27:50.7953196+07:00" start="2019-04-14T13:27:50.8577197+07:00" finish="2019-04-14T13:27:52.9949235+07:00" />
  <ResultSummary outcome="Completed">
    <Counters total="1" executed="1" passed="1" error="0" failed="0" timeout="0" aborted="0" inconclusive="0" passedButRunAborted="0" notRunnable="0" notExecuted="0" disconnected="0" warning="0" completed="0" inProgress="0" pending="0" />
  </ResultSummary>
  <TestDefinitions>
    <UnitTest name="TestMethodLogin001" storage="c:\users\vngame\desktop\airticketmanager\airtickettester\bin\debug\airtickettester.dll" id="ba8a3e65-242d-1aac-a5ba-be01e910616c">
      <Execution id="731e38e8-b738-4a11-9baf-37b0bab9046c" />
      <TestMethod codeBase="C:/Users/vngame/Desktop/AirTicketManager/AirTicketTester/bin/Debug/AirTicketTester.DLL" adapterTypeName="Microsoft.VisualStudio.TestTools.TestTypes.Unit.UnitTestAdapter, Microsoft.VisualStudio.QualityTools.Tips.UnitTest.Adapter, Version=10.0.0.0, Culture=neutral, PublicKeyToken=b03f5f7f11d50a3a" className="AirTicketTester.UnitTestlogin, AirTicketTester, Version=1.0.0.0, Culture=neutral, PublicKeyToken=null" name="TestMethodLogin001" />
    </UnitTest>
  </TestDefinitions>
  <TestLists>
    <TestList name="Results Not in a List" id="8c84fa94-04c1-424b-9868-57a2d4851a1d" />
    <TestList name="All Loaded Results" id="19431567-8539-422a-85d7-44ee4e166bda" />
  </TestLists>
  <TestEntries>
    <TestEntry testId="ba8a3e65-242d-1aac-a5ba-be01e910616c" executionId="731e38e8-b738-4a11-9baf-37b0bab9046c" testListId="8c84fa94-04c1-424b-9868-57a2d4851a1d" />
  </TestEntries>
  <Results>
    <UnitTestResult executionId="731e38e8-b738-4a11-9baf-37b0bab9046c" testId="ba8a3e65-242d-1aac-a5ba-be01e910616c" testName="TestMethodLogin001" computerName="VNPRO" duration="00:00:00.0878581" startTime="2019-04-14T13:27:50.8733197+07:00" endTime="2019-04-14T13:27:51.3257205+07:00" testType="13cdc9d9-ddb5-4fa4-a97d-d965ccfc6d4b" outcome="Passed" testListId="8c84fa94-04c1-424b-9868-57a2d4851a1d" relativeResultsDirectory="731e38e8-b738-4a11-9baf-37b0bab9046c">
    </UnitTestResult>
  </Results>
</TestRun>